Started GET "/" for 127.0.0.1 at 2024-02-17 10:34:04 +0100
  [1m[35m (4.5ms)[0m  [1m[35mCREATE TABLE "schema_migrations" ("version" varchar NOT NULL PRIMARY KEY)[0m
  [1m[35m (0.3ms)[0m  [1m[35mCREATE TABLE "ar_internal_metadata" ("key" varchar NOT NULL PRIMARY KEY, "value" varchar, "created_at" datetime(6) NOT NULL, "updated_at" datetime(6) NOT NULL)[0m
  [1m[36mActiveRecord::SchemaMigration Load (0.2ms)[0m  [1m[34mSELECT "schema_migrations"."version" FROM "schema_migrations" ORDER BY "schema_migrations"."version" ASC[0m
  
ActiveRecord::PendingMigrationError (

Migrations are pending. To resolve this issue, run:

        bin/rails db:migrate

You have 8 pending migrations:

db/migrate/20240215121049_create_roles.rb
db/migrate/20240215121050_create_permissions.rb
db/migrate/20240215121056_create_addresses.rb
db/migrate/20240215122948_create_users.rb
db/migrate/20240215123401_create_lessons.rb
db/migrate/20240215123750_create_lesson_time_locations.rb
db/migrate/20240215124029_create_locations.rb
db/migrate/20240215124444_create_instructor_infos.rb


):
  
activerecord (7.1.3) lib/active_record/migration.rb:755:in `check_pending_migrations'
activerecord (7.1.3) lib/active_record/migration.rb:644:in `block (2 levels) in call'
activesupport (7.1.3) lib/active_support/file_update_checker.rb:85:in `execute'
activerecord (7.1.3) lib/active_record/migration.rb:649:in `block in call'
activerecord (7.1.3) lib/active_record/migration.rb:641:in `synchronize'
activerecord (7.1.3) lib/active_record/migration.rb:641:in `call'
actionpack (7.1.3) lib/action_dispatch/middleware/callbacks.rb:29:in `block in call'
activesupport (7.1.3) lib/active_support/callbacks.rb:101:in `run_callbacks'
actionpack (7.1.3) lib/action_dispatch/middleware/callbacks.rb:28:in `call'
actionpack (7.1.3) lib/action_dispatch/middleware/executor.rb:14:in `call'
actionpack (7.1.3) lib/action_dispatch/middleware/actionable_exceptions.rb:16:in `call'
actionpack (7.1.3) lib/action_dispatch/middleware/debug_exceptions.rb:29:in `call'
web-console (4.2.1) lib/web_console/middleware.rb:132:in `call_app'
web-console (4.2.1) lib/web_console/middleware.rb:28:in `block in call'
web-console (4.2.1) lib/web_console/middleware.rb:17:in `catch'
web-console (4.2.1) lib/web_console/middleware.rb:17:in `call'
actionpack (7.1.3) lib/action_dispatch/middleware/show_exceptions.rb:31:in `call'
railties (7.1.3) lib/rails/rack/logger.rb:37:in `call_app'
railties (7.1.3) lib/rails/rack/logger.rb:24:in `block in call'
activesupport (7.1.3) lib/active_support/tagged_logging.rb:135:in `block in tagged'
activesupport (7.1.3) lib/active_support/tagged_logging.rb:39:in `tagged'
activesupport (7.1.3) lib/active_support/tagged_logging.rb:135:in `tagged'
activesupport (7.1.3) lib/active_support/broadcast_logger.rb:240:in `method_missing'
railties (7.1.3) lib/rails/rack/logger.rb:24:in `call'
sprockets-rails (3.4.2) lib/sprockets/rails/quiet_assets.rb:13:in `call'
actionpack (7.1.3) lib/action_dispatch/middleware/remote_ip.rb:92:in `call'
actionpack (7.1.3) lib/action_dispatch/middleware/request_id.rb:28:in `call'
rack (3.0.9) lib/rack/method_override.rb:28:in `call'
rack (3.0.9) lib/rack/runtime.rb:24:in `call'
activesupport (7.1.3) lib/active_support/cache/strategy/local_cache_middleware.rb:29:in `call'
actionpack (7.1.3) lib/action_dispatch/middleware/server_timing.rb:59:in `block in call'
actionpack (7.1.3) lib/action_dispatch/middleware/server_timing.rb:24:in `collect_events'
actionpack (7.1.3) lib/action_dispatch/middleware/server_timing.rb:58:in `call'
actionpack (7.1.3) lib/action_dispatch/middleware/executor.rb:14:in `call'
actionpack (7.1.3) lib/action_dispatch/middleware/static.rb:25:in `call'
rack (3.0.9) lib/rack/sendfile.rb:114:in `call'
actionpack (7.1.3) lib/action_dispatch/middleware/host_authorization.rb:141:in `call'
railties (7.1.3) lib/rails/engine.rb:536:in `call'
puma (6.4.2) lib/puma/configuration.rb:272:in `call'
puma (6.4.2) lib/puma/request.rb:100:in `block in handle_request'
puma (6.4.2) lib/puma/thread_pool.rb:378:in `with_force_shutdown'
puma (6.4.2) lib/puma/request.rb:99:in `handle_request'
puma (6.4.2) lib/puma/server.rb:464:in `process_client'
puma (6.4.2) lib/puma/server.rb:245:in `block in run'
puma (6.4.2) lib/puma/thread_pool.rb:155:in `block in spawn_thread'
Started POST "/rails/actions" for 127.0.0.1 at 2024-02-17 10:34:08 +0100
  [1m[36mActiveRecord::InternalMetadata Load (0.4ms)[0m  [1m[34mSELECT * FROM "ar_internal_metadata" WHERE "ar_internal_metadata"."key" = ? ORDER BY "ar_internal_metadata"."key" ASC LIMIT 1[0m  [[nil, "environment"]]
  [1m[36mActiveRecord::InternalMetadata Create (3.4ms)[0m  [1m[32mINSERT INTO "ar_internal_metadata" ("key", "value", "created_at", "updated_at") VALUES ('environment', 'development', '2024-02-17 09:34:08.367583', '2024-02-17 09:34:08.367595') RETURNING "key"[0m
  [1m[36mActiveRecord::SchemaMigration Load (0.3ms)[0m  [1m[34mSELECT "schema_migrations"."version" FROM "schema_migrations" ORDER BY "schema_migrations"."version" ASC[0m
Migrating to CreateRoles (20240215121049)
  [1m[36mTRANSACTION (0.1ms)[0m  [1m[36mbegin transaction[0m
  [1m[35m (2.2ms)[0m  [1m[35mCREATE TABLE "roles" ("id" integer PRIMARY KEY AUTOINCREMENT NOT NULL, "name" varchar, "description" text, "created_at" datetime(6) NOT NULL, "updated_at" datetime(6) NOT NULL)[0m
  [1m[36mActiveRecord::SchemaMigration Create (0.5ms)[0m  [1m[32mINSERT INTO "schema_migrations" ("version") VALUES ('20240215121049') RETURNING "version"[0m
  [1m[36mTRANSACTION (0.4ms)[0m  [1m[36mcommit transaction[0m
Migrating to CreatePermissions (20240215121050)
  [1m[36mTRANSACTION (0.1ms)[0m  [1m[36mbegin transaction[0m
  [1m[35m (2.8ms)[0m  [1m[35mCREATE TABLE "permissions" ("id" integer PRIMARY KEY AUTOINCREMENT NOT NULL, "alias" varchar, "created_at" datetime(6) NOT NULL, "updated_at" datetime(6) NOT NULL)[0m
  [1m[36mActiveRecord::SchemaMigration Create (0.5ms)[0m  [1m[32mINSERT INTO "schema_migrations" ("version") VALUES ('20240215121050') RETURNING "version"[0m
  [1m[36mTRANSACTION (0.5ms)[0m  [1m[36mcommit transaction[0m
Migrating to CreateAddresses (20240215121056)
  [1m[36mTRANSACTION (0.1ms)[0m  [1m[36mbegin transaction[0m
  [1m[35m (4.1ms)[0m  [1m[35mCREATE TABLE "addresses" ("id" integer PRIMARY KEY AUTOINCREMENT NOT NULL, "country" varchar, "address" varchar, "zip_code" integer, "city" varchar, "created_at" datetime(6) NOT NULL, "updated_at" datetime(6) NOT NULL)[0m
  [1m[36mActiveRecord::SchemaMigration Create (0.4ms)[0m  [1m[32mINSERT INTO "schema_migrations" ("version") VALUES ('20240215121056') RETURNING "version"[0m
  [1m[36mTRANSACTION (0.3ms)[0m  [1m[36mcommit transaction[0m
Migrating to CreateUsers (20240215122948)
  [1m[36mTRANSACTION (0.1ms)[0m  [1m[36mbegin transaction[0m
  [1m[35m (4.3ms)[0m  [1m[35mCREATE TABLE "users" ("id" integer PRIMARY KEY AUTOINCREMENT NOT NULL, "first_name" varchar, "last_name" varchar, "birthday" date, "address_id" integer, "password" varchar, "email" varchar, "phone" varchar, "created_at" datetime(6) NOT NULL, "updated_at" datetime(6) NOT NULL)[0m
  [1m[36mActiveRecord::SchemaMigration Create (0.4ms)[0m  [1m[32mINSERT INTO "schema_migrations" ("version") VALUES ('20240215122948') RETURNING "version"[0m
  [1m[36mTRANSACTION (0.4ms)[0m  [1m[36mcommit transaction[0m
Migrating to CreateLessons (20240215123401)
  [1m[36mTRANSACTION (0.1ms)[0m  [1m[36mbegin transaction[0m
  [1m[35m (2.1ms)[0m  [1m[35mCREATE TABLE "lessons" ("id" integer PRIMARY KEY AUTOINCREMENT NOT NULL, "name" varchar, "description" text, "season_start" date, "season_end" date, "min_age" integer, "max_age" integer, "price" decimal, "cover_img_path" varchar, "created_at" datetime(6) NOT NULL, "updated_at" datetime(6) NOT NULL)[0m
  [1m[36mActiveRecord::SchemaMigration Create (0.4ms)[0m  [1m[32mINSERT INTO "schema_migrations" ("version") VALUES ('20240215123401') RETURNING "version"[0m
  [1m[36mTRANSACTION (0.5ms)[0m  [1m[36mcommit transaction[0m
Migrating to CreateLessonTimeLocations (20240215123750)
  [1m[36mTRANSACTION (0.1ms)[0m  [1m[36mbegin transaction[0m
  [1m[35m (2.4ms)[0m  [1m[35mCREATE TABLE "lesson_time_locations" ("id" integer PRIMARY KEY AUTOINCREMENT NOT NULL, "lesson_id" integer, "location_id" integer, "week_day" varchar, "start_time" time, "end_time" time, "created_at" datetime(6) NOT NULL, "updated_at" datetime(6) NOT NULL)[0m
  [1m[36mActiveRecord::SchemaMigration Create (0.6ms)[0m  [1m[32mINSERT INTO "schema_migrations" ("version") VALUES ('20240215123750') RETURNING "version"[0m
  [1m[36mTRANSACTION (0.2ms)[0m  [1m[36mcommit transaction[0m
Migrating to CreateLocations (20240215124029)
  [1m[36mTRANSACTION (0.1ms)[0m  [1m[36mbegin transaction[0m
  [1m[35m (2.0ms)[0m  [1m[35mCREATE TABLE "locations" ("id" integer PRIMARY KEY AUTOINCREMENT NOT NULL, "name" varchar, "description" text, "address_id" integer, "created_at" datetime(6) NOT NULL, "updated_at" datetime(6) NOT NULL)[0m
  [1m[36mActiveRecord::SchemaMigration Create (0.3ms)[0m  [1m[32mINSERT INTO "schema_migrations" ("version") VALUES ('20240215124029') RETURNING "version"[0m
  [1m[36mTRANSACTION (0.3ms)[0m  [1m[36mcommit transaction[0m
Migrating to CreateInstructorInfos (20240215124444)
  [1m[36mTRANSACTION (0.1ms)[0m  [1m[36mbegin transaction[0m
  [1m[35m (2.0ms)[0m  [1m[35mCREATE TABLE "instructor_infos" ("id" integer PRIMARY KEY AUTOINCREMENT NOT NULL, "user_id" varchar, "description" text, "profile_img_path" varchar, "created_at" datetime(6) NOT NULL, "updated_at" datetime(6) NOT NULL)[0m
  [1m[36mActiveRecord::SchemaMigration Create (0.3ms)[0m  [1m[32mINSERT INTO "schema_migrations" ("version") VALUES ('20240215124444') RETURNING "version"[0m
  [1m[36mTRANSACTION (0.5ms)[0m  [1m[36mcommit transaction[0m
  [1m[36mActiveRecord::SchemaMigration Load (0.1ms)[0m  [1m[34mSELECT "schema_migrations"."version" FROM "schema_migrations" ORDER BY "schema_migrations"."version" ASC[0m
Started GET "/" for 127.0.0.1 at 2024-02-17 10:34:08 +0100
  [1m[36mActiveRecord::SchemaMigration Load (0.3ms)[0m  [1m[34mSELECT "schema_migrations"."version" FROM "schema_migrations" ORDER BY "schema_migrations"."version" ASC[0m
Processing by Rails::WelcomeController#index as HTML
  Rendering /home/kabir/.asdf/installs/ruby/3.3.0/lib/ruby/gems/3.3.0/gems/railties-7.1.3/lib/rails/templates/rails/welcome/index.html.erb
  Rendered /home/kabir/.asdf/installs/ruby/3.3.0/lib/ruby/gems/3.3.0/gems/railties-7.1.3/lib/rails/templates/rails/welcome/index.html.erb (Duration: 2.6ms | Allocations: 273)
Completed 200 OK in 109ms (Views: 9.2ms | ActiveRecord: 0.0ms | Allocations: 2577)


Started GET "/users" for 127.0.0.1 at 2024-02-17 10:34:12 +0100
  
ActionController::RoutingError (No route matches [GET] "/users"):
  
Started GET "/users" for 127.0.0.1 at 2024-02-17 10:36:21 +0100
  [1m[36mActiveRecord::SchemaMigration Load (0.5ms)[0m  [1m[34mSELECT "schema_migrations"."version" FROM "schema_migrations" ORDER BY "schema_migrations"."version" ASC[0m
  
ActionController::RoutingError (No route matches [GET] "/users"):
  
Started GET "/" for 127.0.0.1 at 2024-02-17 10:36:23 +0100
Processing by Rails::WelcomeController#index as HTML
  Rendering /home/kabir/.asdf/installs/ruby/3.3.0/lib/ruby/gems/3.3.0/gems/railties-7.1.3/lib/rails/templates/rails/welcome/index.html.erb
  Rendered /home/kabir/.asdf/installs/ruby/3.3.0/lib/ruby/gems/3.3.0/gems/railties-7.1.3/lib/rails/templates/rails/welcome/index.html.erb (Duration: 3.2ms | Allocations: 269)
Completed 200 OK in 21ms (Views: 7.9ms | ActiveRecord: 0.0ms | Allocations: 1930)


Started GET "/users" for 127.0.0.1 at 2024-02-17 10:39:38 +0100
Processing by UsersController#index as HTML
  Rendering layout layouts/application.html.erb
  Rendering users/index.html.erb within layouts/application
  [1m[36mUser Load (0.2ms)[0m  [1m[34mSELECT "users".* FROM "users"[0m
  ↳ app/views/users/index.html.erb:6
  Rendered users/index.html.erb within layouts/application (Duration: 8.8ms | Allocations: 1344)
  Rendered layout layouts/application.html.erb (Duration: 769.6ms | Allocations: 98667)
Completed 200 OK in 975ms (Views: 766.9ms | ActiveRecord: 6.9ms | Allocations: 108418)


Started GET "/users/new" for 127.0.0.1 at 2024-02-17 10:39:40 +0100
Processing by UsersController#new as HTML
  Rendering layout layouts/application.html.erb
  Rendering users/new.html.erb within layouts/application
  Rendered users/_form.html.erb (Duration: 281.3ms | Allocations: 6469)
  Rendered users/new.html.erb within layouts/application (Duration: 285.0ms | Allocations: 6768)
  Rendered layout layouts/application.html.erb (Duration: 295.7ms | Allocations: 7858)
Completed 200 OK in 441ms (Views: 298.6ms | ActiveRecord: 1.1ms | Allocations: 22564)


Started GET "/users/new" for 127.0.0.1 at 2024-02-17 10:39:40 +0100
Processing by UsersController#new as HTML
  Rendering layout layouts/application.html.erb
  Rendering users/new.html.erb within layouts/application
  Rendered users/_form.html.erb (Duration: 3.8ms | Allocations: 1587)
  Rendered users/new.html.erb within layouts/application (Duration: 4.7ms | Allocations: 1666)
  Rendered layout layouts/application.html.erb (Duration: 10.6ms | Allocations: 2752)
Completed 200 OK in 14ms (Views: 12.5ms | ActiveRecord: 0.0ms | Allocations: 3021)


Started GET "/users/new" for 127.0.0.1 at 2024-02-17 10:45:53 +0100
Processing by UsersController#new as HTML
  Rendering layout layouts/application.html.erb
  Rendering users/new.html.erb within layouts/application
  Rendered users/_form.html.erb (Duration: 8.8ms | Allocations: 2297)
  Rendered users/new.html.erb within layouts/application (Duration: 13.3ms | Allocations: 2598)
  Rendered layout layouts/application.html.erb (Duration: 65.2ms | Allocations: 17811)
Completed 200 OK in 104ms (Views: 72.3ms | ActiveRecord: 0.0ms | Allocations: 23098)


Started GET "/" for 127.0.0.1 at 2024-02-17 10:45:56 +0100
Processing by WelcomeController#index as HTML
  Rendering layout layouts/application.html.erb
  Rendering welcome/index.html.erb within layouts/application
  Rendered welcome/index.html.erb within layouts/application (Duration: 0.9ms | Allocations: 91)
  Rendered layout layouts/application.html.erb (Duration: 5.7ms | Allocations: 1364)
Completed 200 OK in 9ms (Views: 7.4ms | ActiveRecord: 0.0ms | Allocations: 1875)


Started GET "/" for 127.0.0.1 at 2024-02-17 10:46:31 +0100
Processing by WelcomeController#index as HTML
  Rendering layout layouts/application.html.erb
  Rendering welcome/index.html.erb within layouts/application
  Rendered welcome/index.html.erb within layouts/application (Duration: 1.0ms | Allocations: 94)
  Rendered layout layouts/application.html.erb (Duration: 39.8ms | Allocations: 15502)
Completed 200 OK in 54ms (Views: 43.8ms | ActiveRecord: 0.0ms | Allocations: 16426)


Started GET "/test" for 127.0.0.1 at 2024-02-17 10:46:52 +0100
  
ActionController::RoutingError (No route matches [GET] "/test"):
  
Started GET "/" for 127.0.0.1 at 2024-02-17 10:55:08 +0100
Processing by WelcomeController#index as HTML
  Rendering layout layouts/application.html.erb
  Rendering welcome/index.html.erb within layouts/application
  Rendered welcome/index.html.erb within layouts/application (Duration: 1.2ms | Allocations: 95)
  Rendered layout layouts/application.html.erb (Duration: 31.7ms | Allocations: 15535)
Completed 200 OK in 60ms (Views: 58.4ms | ActiveRecord: 0.0ms | Allocations: 16463)


Started GET "/users" for 127.0.0.1 at 2024-02-17 10:55:12 +0100
Processing by UsersController#index as HTML
  Rendering layout layouts/application.html.erb
  Rendering users/index.html.erb within layouts/application
  [1m[36mUser Load (0.4ms)[0m  [1m[34mSELECT "users".* FROM "users"[0m
  ↳ app/views/users/index.html.erb:6
  Rendered users/index.html.erb within layouts/application (Duration: 9.6ms | Allocations: 1223)
  Rendered layout layouts/application.html.erb (Duration: 14.2ms | Allocations: 2324)
Completed 200 OK in 20ms (Views: 6.7ms | ActiveRecord: 9.3ms | Allocations: 3610)


Started GET "/users" for 127.0.0.1 at 2024-02-17 11:03:57 +0100
Processing by UsersController#index as HTML
  Rendering layout layouts/application.html.erb
  Rendering users/index.html.erb within layouts/application
  [1m[36mUser Load (6.3ms)[0m  [1m[34mSELECT "users".* FROM "users"[0m
  ↳ app/views/users/index.html.erb:6
  Rendered users/index.html.erb within layouts/application (Duration: 12.2ms | Allocations: 1203)
  Rendered layout layouts/application.html.erb (Duration: 61.2ms | Allocations: 17491)
Completed 500 Internal Server Error in 110ms (ActiveRecord: 11.0ms | Allocations: 19225)


  
ActionView::Template::Error (No route matches {:action=>"show", :controller=>"lessons"}, missing required keys: [:id]):
    24:             <a class="nav-link" href="#">Forside</a>
    25:           </li>
    26:           <li class="nav-item">
    27:             <a class="nav-link" <%link_to "Hold", lesson_path%>>Hold</a>
    28:           </li>
    29:           <li class="nav-item">
    30:             <a class="nav-link" href="#">Link</a>
  
app/views/layouts/application.html.erb:27
Started GET "/lessons" for 127.0.0.1 at 2024-02-17 11:04:30 +0100
Processing by LessonsController#index as HTML
  Rendering layout layouts/application.html.erb
  Rendering lessons/index.html.erb within layouts/application
  [1m[36mLesson Load (0.2ms)[0m  [1m[34mSELECT "lessons".* FROM "lessons"[0m
  ↳ app/views/lessons/index.html.erb:6
  Rendered lessons/index.html.erb within layouts/application (Duration: 6.8ms | Allocations: 931)
  Rendered layout layouts/application.html.erb (Duration: 16.3ms | Allocations: 2984)
Completed 500 Internal Server Error in 27ms (ActiveRecord: 0.2ms | Allocations: 4048)


  
ActionView::Template::Error (No route matches {:action=>"show", :controller=>"lessons"}, missing required keys: [:id]):
    24:             <a class="nav-link" href="#">Forside</a>
    25:           </li>
    26:           <li class="nav-item">
    27:             <a class="nav-link" <%link_to "Hold", lesson_path%>>Hold</a>
    28:           </li>
    29:           <li class="nav-item">
    30:             <a class="nav-link" href="#">Link</a>
  
app/views/layouts/application.html.erb:27
Started GET "/lessons" for 127.0.0.1 at 2024-02-17 11:05:33 +0100
Processing by LessonsController#index as HTML
  Rendering layout layouts/application.html.erb
  Rendering lessons/index.html.erb within layouts/application
  [1m[36mLesson Load (0.4ms)[0m  [1m[34mSELECT "lessons".* FROM "lessons"[0m
  ↳ app/views/lessons/index.html.erb:6
  Rendered lessons/index.html.erb within layouts/application (Duration: 18.3ms | Allocations: 1241)
  Rendered layout layouts/application.html.erb (Duration: 85.4ms | Allocations: 16536)
Completed 200 OK in 134ms (Views: 103.4ms | ActiveRecord: 23.4ms | Allocations: 18280)


Started GET "/lessons" for 127.0.0.1 at 2024-02-17 11:06:14 +0100
Processing by LessonsController#index as HTML
  Rendering layout layouts/application.html.erb
  Rendering lessons/index.html.erb within layouts/application
  [1m[36mLesson Load (0.2ms)[0m  [1m[34mSELECT "lessons".* FROM "lessons"[0m
  ↳ app/views/lessons/index.html.erb:6
  Rendered lessons/index.html.erb within layouts/application (Duration: 7.5ms | Allocations: 1250)
  Rendered layout layouts/application.html.erb (Duration: 31.7ms | Allocations: 16579)
Completed 200 OK in 61ms (Views: 50.9ms | ActiveRecord: 6.1ms | Allocations: 18322)


Started GET "/lessons" for 127.0.0.1 at 2024-02-17 11:06:26 +0100
Processing by LessonsController#index as HTML
  Rendering layout layouts/application.html.erb
  Rendering lessons/index.html.erb within layouts/application
  [1m[36mLesson Load (0.2ms)[0m  [1m[34mSELECT "lessons".* FROM "lessons"[0m
  ↳ app/views/lessons/index.html.erb:6
  Rendered lessons/index.html.erb within layouts/application (Duration: 14.5ms | Allocations: 1259)
  Rendered layout layouts/application.html.erb (Duration: 45.1ms | Allocations: 16589)
Completed 200 OK in 74ms (Views: 48.3ms | ActiveRecord: 20.2ms | Allocations: 18333)


Started GET "/lessons" for 127.0.0.1 at 2024-02-17 11:06:46 +0100
Processing by LessonsController#index as HTML
  Rendering layout layouts/application.html.erb
  Rendering lessons/index.html.erb within layouts/application
  [1m[36mLesson Load (0.2ms)[0m  [1m[34mSELECT "lessons".* FROM "lessons"[0m
  ↳ app/views/lessons/index.html.erb:6
  Rendered lessons/index.html.erb within layouts/application (Duration: 8.5ms | Allocations: 1232)
  Rendered layout layouts/application.html.erb (Duration: 48.9ms | Allocations: 16562)
Completed 200 OK in 85ms (Views: 73.5ms | ActiveRecord: 7.0ms | Allocations: 18306)


Started GET "/lessons" for 127.0.0.1 at 2024-02-17 11:08:49 +0100
Processing by LessonsController#index as HTML
  Rendering layout layouts/application.html.erb
  Rendering lessons/index.html.erb within layouts/application
  [1m[36mLesson Load (0.4ms)[0m  [1m[34mSELECT "lessons".* FROM "lessons"[0m
  ↳ app/views/lessons/index.html.erb:6
  Rendered lessons/index.html.erb within layouts/application (Duration: 11.9ms | Allocations: 1244)
  Rendered layout layouts/application.html.erb (Duration: 54.7ms | Allocations: 16581)
Completed 200 OK in 103ms (Views: 84.0ms | ActiveRecord: 11.4ms | Allocations: 18325)


Started GET "/lessons" for 127.0.0.1 at 2024-02-17 11:08:52 +0100
Processing by LessonsController#index as HTML
  Rendering layout layouts/application.html.erb
  Rendering lessons/index.html.erb within layouts/application
  [1m[36mLesson Load (0.1ms)[0m  [1m[34mSELECT "lessons".* FROM "lessons"[0m
  ↳ app/views/lessons/index.html.erb:6
  Rendered lessons/index.html.erb within layouts/application (Duration: 4.1ms | Allocations: 597)
  Rendered layout layouts/application.html.erb (Duration: 10.0ms | Allocations: 1718)
Completed 200 OK in 13ms (Views: 11.4ms | ActiveRecord: 0.1ms | Allocations: 1976)


Started GET "/lessons/new" for 127.0.0.1 at 2024-02-17 11:08:53 +0100
Processing by LessonsController#new as HTML
  Rendering layout layouts/application.html.erb
  Rendering lessons/new.html.erb within layouts/application
  Rendered lessons/_form.html.erb (Duration: 32.2ms | Allocations: 3021)
  Rendered lessons/new.html.erb within layouts/application (Duration: 36.1ms | Allocations: 3314)
  Rendered layout layouts/application.html.erb (Duration: 45.5ms | Allocations: 4434)
Completed 200 OK in 125ms (Views: 47.6ms | ActiveRecord: 1.1ms | Allocations: 15862)


Started GET "/lessons/new" for 127.0.0.1 at 2024-02-17 11:09:14 +0100
Processing by LessonsController#new as HTML
  Rendering layout layouts/application.html.erb
  Rendering lessons/new.html.erb within layouts/application
  Rendered lessons/_form.html.erb (Duration: 7.3ms | Allocations: 2539)
  Rendered lessons/new.html.erb within layouts/application (Duration: 10.8ms | Allocations: 2840)
  Rendered layout layouts/application.html.erb (Duration: 56.4ms | Allocations: 18160)
Completed 200 OK in 127ms (Views: 99.5ms | ActiveRecord: 16.1ms | Allocations: 24499)


Started GET "/" for 127.0.0.1 at 2024-02-17 11:09:20 +0100
Processing by WelcomeController#index as HTML
  Rendering layout layouts/application.html.erb
  Rendering welcome/index.html.erb within layouts/application
  Rendered welcome/index.html.erb within layouts/application (Duration: 1.6ms | Allocations: 89)
  Rendered layout layouts/application.html.erb (Duration: 6.2ms | Allocations: 1427)
Completed 200 OK in 10ms (Views: 8.3ms | ActiveRecord: 0.0ms | Allocations: 1893)


Started GET "/" for 127.0.0.1 at 2024-02-17 11:10:11 +0100
Processing by WelcomeController#index as HTML
  Rendering layout layouts/application.html.erb
  Rendering welcome/index.html.erb within layouts/application
  Rendered welcome/index.html.erb within layouts/application (Duration: 1.3ms | Allocations: 97)
  Rendered layout layouts/application.html.erb (Duration: 49.1ms | Allocations: 15642)
Completed 200 OK in 98ms (Views: 96.4ms | ActiveRecord: 0.0ms | Allocations: 16569)


Started GET "/lessons" for 127.0.0.1 at 2024-02-17 11:10:12 +0100
Processing by LessonsController#index as HTML
  Rendering layout layouts/application.html.erb
  Rendering lessons/index.html.erb within layouts/application
  [1m[36mLesson Load (0.2ms)[0m  [1m[34mSELECT "lessons".* FROM "lessons"[0m
  ↳ app/views/lessons/index.html.erb:6
  Rendered lessons/index.html.erb within layouts/application (Duration: 9.6ms | Allocations: 1223)
  Rendered layout layouts/application.html.erb (Duration: 13.7ms | Allocations: 2363)
Completed 200 OK in 22ms (Views: 9.3ms | ActiveRecord: 8.4ms | Allocations: 3648)


Started GET "/lessons" for 127.0.0.1 at 2024-02-17 11:10:21 +0100
Processing by LessonsController#index as HTML
  Rendering layout layouts/application.html.erb
  Rendering lessons/index.html.erb within layouts/application
  [1m[36mLesson Load (0.8ms)[0m  [1m[34mSELECT "lessons".* FROM "lessons"[0m
  ↳ app/views/lessons/index.html.erb:6
  Rendered lessons/index.html.erb within layouts/application (Duration: 10.8ms | Allocations: 1233)
  Rendered layout layouts/application.html.erb (Duration: 42.5ms | Allocations: 16565)
Completed 200 OK in 78ms (Views: 61.5ms | ActiveRecord: 11.0ms | Allocations: 18307)


Started GET "/lessons" for 127.0.0.1 at 2024-02-17 11:11:00 +0100
Processing by LessonsController#index as HTML
  Rendering layout layouts/application.html.erb
  Rendering lessons/index.html.erb within layouts/application
  [1m[36mLesson Load (0.2ms)[0m  [1m[34mSELECT "lessons".* FROM "lessons"[0m
  ↳ app/views/lessons/index.html.erb:6
  Rendered lessons/index.html.erb within layouts/application (Duration: 7.1ms | Allocations: 1231)
  Rendered layout layouts/application.html.erb (Duration: 33.0ms | Allocations: 16584)
Completed 200 OK in 70ms (Views: 58.8ms | ActiveRecord: 6.2ms | Allocations: 18328)


Started GET "/" for 127.0.0.1 at 2024-02-17 11:11:01 +0100
Processing by WelcomeController#index as HTML
  Rendering layout layouts/application.html.erb
  Rendering welcome/index.html.erb within layouts/application
  Rendered welcome/index.html.erb within layouts/application (Duration: 1.5ms | Allocations: 89)
  Rendered layout layouts/application.html.erb (Duration: 10.3ms | Allocations: 1419)
Completed 200 OK in 16ms (Views: 13.6ms | ActiveRecord: 0.0ms | Allocations: 1887)


Started GET "/lessons" for 127.0.0.1 at 2024-02-17 11:11:03 +0100
Processing by LessonsController#index as HTML
  Rendering layout layouts/application.html.erb
  Rendering lessons/index.html.erb within layouts/application
  [1m[36mLesson Load (0.2ms)[0m  [1m[34mSELECT "lessons".* FROM "lessons"[0m
  ↳ app/views/lessons/index.html.erb:6
  Rendered lessons/index.html.erb within layouts/application (Duration: 3.4ms | Allocations: 621)
  Rendered layout layouts/application.html.erb (Duration: 10.3ms | Allocations: 1747)
Completed 200 OK in 16ms (Views: 12.0ms | ActiveRecord: 0.2ms | Allocations: 2005)


Started GET "/lessons" for 127.0.0.1 at 2024-02-17 11:16:13 +0100
Processing by LessonsController#index as HTML
  Rendering layout layouts/application.html.erb
  Rendering lessons/index.html.erb within layouts/application
  [1m[36mLesson Load (0.2ms)[0m  [1m[34mSELECT "lessons".* FROM "lessons"[0m
  ↳ app/views/lessons/index.html.erb:6
  Rendered lessons/index.html.erb within layouts/application (Duration: 18.4ms | Allocations: 1222)
  Rendered layout layouts/application.html.erb (Duration: 63.2ms | Allocations: 17629)
Completed 500 Internal Server Error in 128ms (ActiveRecord: 26.0ms | Allocations: 19351)


  
ActionView::Template::Error (No route matches {:action=>"show", :controller=>"about"}, missing required keys: [:id]):
    30:             <%=link_to "Kalender", lessons_path, class:'nav-link'%>
    31:           </li>
    32:           <li class="nav-item dropdown">
    33:             <%=link_to "Om os", about_path, class:'nav-link dropdown-toggle', role: "button", data: { bs_toggle: "dropdown" } do %>
    34:               Dropdown
    35:               <%end%>
    36:             <ul class="dropdown-menu">
  
app/views/layouts/application.html.erb:33
Started GET "/lessons" for 127.0.0.1 at 2024-02-17 11:17:01 +0100
Processing by LessonsController#index as HTML
  Rendering layout layouts/application.html.erb
  Rendering lessons/index.html.erb within layouts/application
  [1m[36mLesson Load (0.3ms)[0m  [1m[34mSELECT "lessons".* FROM "lessons"[0m
  ↳ app/views/lessons/index.html.erb:6
  Rendered lessons/index.html.erb within layouts/application (Duration: 16.7ms | Allocations: 1222)
  Rendered layout layouts/application.html.erb (Duration: 47.7ms | Allocations: 17558)
Completed 500 Internal Server Error in 62ms (ActiveRecord: 20.9ms | Allocations: 19284)


  
ActionView::Template::Error (undefined local variable or method `about_path' for an instance of #<Class:0x00007fefbeb33ca0>):
    30:             <%=link_to "Kalender", lessons_path, class:'nav-link'%>
    31:           </li>
    32:           <li class="nav-item dropdown">
    33:             <%=link_to "Om os", about_path, class:'nav-link dropdown-toggle', role: "button", data: { bs_toggle: "dropdown" } do %>
    34:               Dropdown
    35:               <%end%>
    36:             <ul class="dropdown-menu">
  
app/views/layouts/application.html.erb:33
Started GET "/lessons" for 127.0.0.1 at 2024-02-17 11:17:44 +0100
Processing by LessonsController#index as HTML
  Rendering layout layouts/application.html.erb
  Rendering lessons/index.html.erb within layouts/application
  [1m[36mLesson Load (0.2ms)[0m  [1m[34mSELECT "lessons".* FROM "lessons"[0m
  ↳ app/views/lessons/index.html.erb:6
  Rendered lessons/index.html.erb within layouts/application (Duration: 10.1ms | Allocations: 1220)
  Rendered layout layouts/application.html.erb (Duration: 58.5ms | Allocations: 17585)
Completed 500 Internal Server Error in 133ms (ActiveRecord: 5.7ms | Allocations: 19310)


  
ActionView::Template::Error (undefined method `stringify_keys' for an instance of String):
    30:             <%=link_to "Kalender", lessons_path, class:'nav-link'%>
    31:           </li>
    32:           <li class="nav-item dropdown">
    33:             <%=link_to "Om os", about_index_path, class:'nav-link dropdown-toggle', role: "button", data: { bs_toggle: "dropdown" } do %>
    34:               Dropdown
    35:               <%end%>
    36:             <ul class="dropdown-menu">
  
app/views/layouts/application.html.erb:33
Started GET "/lessons" for 127.0.0.1 at 2024-02-17 11:21:46 +0100
Processing by LessonsController#index as HTML
  Rendering layout layouts/application.html.erb
  Rendering lessons/index.html.erb within layouts/application
  [1m[36mLesson Load (0.3ms)[0m  [1m[34mSELECT "lessons".* FROM "lessons"[0m
  ↳ app/views/lessons/index.html.erb:6
  Rendered lessons/index.html.erb within layouts/application (Duration: 10.9ms | Allocations: 1222)
  Rendered layout layouts/application.html.erb (Duration: 57.7ms | Allocations: 17579)
Completed 500 Internal Server Error in 71ms (ActiveRecord: 8.9ms | Allocations: 19301)


  
ActionView::Template::Error (undefined method `stringify_keys' for an instance of String):
    30:             <%=link_to "Kalender", lessons_path, class:'nav-link'%>
    31:           </li>
    32:           <li class="nav-item dropdown">
    33:             <%=link_to "Om os", about_path, class:'nav-link dropdown-toggle', role: "button", data: { bs_toggle: "dropdown" } do %>
    34:               Dropdown
    35:               <%end%>
    36:             <ul class="dropdown-menu">
  
app/views/layouts/application.html.erb:33
Started GET "/lessons" for 127.0.0.1 at 2024-02-17 11:23:00 +0100
Processing by LessonsController#index as HTML
  Rendering layout layouts/application.html.erb
  Rendering lessons/index.html.erb within layouts/application
  [1m[36mLesson Load (0.2ms)[0m  [1m[34mSELECT "lessons".* FROM "lessons"[0m
  ↳ app/views/lessons/index.html.erb:6
  Rendered lessons/index.html.erb within layouts/application (Duration: 15.4ms | Allocations: 1222)
  Rendered layout layouts/application.html.erb (Duration: 44.3ms | Allocations: 16715)
Completed 200 OK in 95ms (Views: 66.8ms | ActiveRecord: 21.0ms | Allocations: 18461)


Started GET "/about" for 127.0.0.1 at 2024-02-17 11:23:02 +0100
Processing by AboutController#index as HTML
  Rendering layout layouts/application.html.erb
  Rendering about/index.html.erb within layouts/application
  Rendered about/index.html.erb within layouts/application (Duration: 1.5ms | Allocations: 91)
  Rendered layout layouts/application.html.erb (Duration: 12.0ms | Allocations: 1491)
Completed 200 OK in 17ms (Views: 15.1ms | ActiveRecord: 0.0ms | Allocations: 1960)


Started GET "/lessons" for 127.0.0.1 at 2024-02-17 11:24:01 +0100
Processing by LessonsController#index as HTML
  Rendering layout layouts/application.html.erb
  Rendering lessons/index.html.erb within layouts/application
  [1m[36mLesson Load (0.2ms)[0m  [1m[34mSELECT "lessons".* FROM "lessons"[0m
  ↳ app/views/lessons/index.html.erb:6
  Rendered lessons/index.html.erb within layouts/application (Duration: 11.0ms | Allocations: 1225)
  Rendered layout layouts/application.html.erb (Duration: 46.1ms | Allocations: 16721)
Completed 200 OK in 115ms (Views: 95.1ms | ActiveRecord: 11.6ms | Allocations: 18467)


Started GET "/lessons" for 127.0.0.1 at 2024-02-17 11:25:28 +0100
Processing by LessonsController#index as HTML
  Rendering layout layouts/application.html.erb
  Rendering lessons/index.html.erb within layouts/application
  [1m[36mLesson Load (0.6ms)[0m  [1m[34mSELECT "lessons".* FROM "lessons"[0m
  ↳ app/views/lessons/index.html.erb:6
  Rendered lessons/index.html.erb within layouts/application (Duration: 15.0ms | Allocations: 1255)
  Rendered layout layouts/application.html.erb (Duration: 44.6ms | Allocations: 16752)
Completed 200 OK in 116ms (Views: 92.6ms | ActiveRecord: 15.4ms | Allocations: 18498)


Started GET "/" for 127.0.0.1 at 2024-02-19 09:41:06 +0100
  [1m[36mActiveRecord::SchemaMigration Load (0.5ms)[0m  [1m[34mSELECT "schema_migrations"."version" FROM "schema_migrations" ORDER BY "schema_migrations"."version" ASC[0m
Processing by WelcomeController#index as HTML
  Rendering layout layouts/application.html.erb
  Rendering welcome/index.html.erb within layouts/application
  Rendered welcome/index.html.erb within layouts/application (Duration: 1.0ms | Allocations: 184)
  Rendered layout layouts/application.html.erb (Duration: 382.0ms | Allocations: 34811)
Completed 200 OK in 802ms (Views: 506.0ms | ActiveRecord: 0.0ms | Allocations: 38945)


Started GET "/about" for 127.0.0.1 at 2024-02-19 09:41:45 +0100
Processing by AboutController#index as HTML
  Rendering layout layouts/application.html.erb
  Rendering about/index.html.erb within layouts/application
  Rendered about/index.html.erb within layouts/application (Duration: 1.2ms | Allocations: 95)
  Rendered layout layouts/application.html.erb (Duration: 195.6ms | Allocations: 2536)
Completed 200 OK in 212ms (Views: 198.9ms | ActiveRecord: 0.0ms | Allocations: 3010)


Started GET "/" for 127.0.0.1 at 2024-02-19 09:41:49 +0100
Processing by WelcomeController#index as HTML
  Rendering layout layouts/application.html.erb
  Rendering welcome/index.html.erb within layouts/application
  Rendered welcome/index.html.erb within layouts/application (Duration: 0.1ms | Allocations: 7)
  Rendered layout layouts/application.html.erb (Duration: 4.1ms | Allocations: 1366)
Completed 200 OK in 6ms (Views: 5.5ms | ActiveRecord: 0.0ms | Allocations: 1616)


Started GET "/" for 127.0.0.1 at 2024-02-19 09:41:51 +0100
Processing by WelcomeController#index as HTML
  Rendering layout layouts/application.html.erb
  Rendering welcome/index.html.erb within layouts/application
  Rendered welcome/index.html.erb within layouts/application (Duration: 0.1ms | Allocations: 7)
  Rendered layout layouts/application.html.erb (Duration: 11.1ms | Allocations: 1386)
Completed 200 OK in 14ms (Views: 13.0ms | ActiveRecord: 0.0ms | Allocations: 1636)


Started GET "/lessons" for 127.0.0.1 at 2024-02-19 09:41:51 +0100
Processing by LessonsController#index as HTML
  Rendering layout layouts/application.html.erb
  Rendering lessons/index.html.erb within layouts/application
  [1m[36mLesson Load (0.4ms)[0m  [1m[34mSELECT "lessons".* FROM "lessons"[0m
  ↳ app/views/lessons/index.html.erb:6
  Rendered lessons/index.html.erb within layouts/application (Duration: 9.9ms | Allocations: 1378)
  Rendered layout layouts/application.html.erb (Duration: 14.5ms | Allocations: 2578)
Completed 200 OK in 405ms (Views: 9.5ms | ActiveRecord: 7.9ms | Allocations: 8839)


Started GET "/lessons" for 127.0.0.1 at 2024-02-19 09:41:55 +0100
Processing by LessonsController#index as HTML
  Rendering layout layouts/application.html.erb
  Rendering lessons/index.html.erb within layouts/application
  [1m[36mLesson Load (0.1ms)[0m  [1m[34mSELECT "lessons".* FROM "lessons"[0m
  ↳ app/views/lessons/index.html.erb:6
  Rendered lessons/index.html.erb within layouts/application (Duration: 2.5ms | Allocations: 616)
  Rendered layout layouts/application.html.erb (Duration: 7.7ms | Allocations: 1802)
Completed 200 OK in 16ms (Views: 15.0ms | ActiveRecord: 0.1ms | Allocations: 2064)


Started GET "/lessons" for 127.0.0.1 at 2024-02-19 09:41:56 +0100
Processing by LessonsController#index as HTML
  Rendering layout layouts/application.html.erb
  Rendering lessons/index.html.erb within layouts/application
  [1m[36mLesson Load (0.1ms)[0m  [1m[34mSELECT "lessons".* FROM "lessons"[0m
  ↳ app/views/lessons/index.html.erb:6
  Rendered lessons/index.html.erb within layouts/application (Duration: 2.3ms | Allocations: 603)
  Rendered layout layouts/application.html.erb (Duration: 12.8ms | Allocations: 1789)
Completed 200 OK in 16ms (Views: 15.4ms | ActiveRecord: 0.1ms | Allocations: 2051)


Started GET "/" for 127.0.0.1 at 2024-02-19 09:41:57 +0100
Processing by WelcomeController#index as HTML
  Rendering layout layouts/application.html.erb
  Rendering welcome/index.html.erb within layouts/application
  Rendered welcome/index.html.erb within layouts/application (Duration: 0.1ms | Allocations: 7)
  Rendered layout layouts/application.html.erb (Duration: 7.2ms | Allocations: 1377)
Completed 200 OK in 11ms (Views: 9.2ms | ActiveRecord: 0.0ms | Allocations: 1625)


Started GET "/" for 127.0.0.1 at 2024-02-19 09:56:24 +0100
Processing by WelcomeController#index as HTML
  Rendering layout layouts/application.html.erb
  Rendering welcome/index.html.erb within layouts/application
  Rendered welcome/index.html.erb within layouts/application (Duration: 0.8ms | Allocations: 97)
  Rendered layout layouts/application.html.erb (Duration: 55.1ms | Allocations: 17223)
Completed 500 Internal Server Error in 104ms (ActiveRecord: 0.0ms | Allocations: 18148)


  
ActionView::Template::Error (undefined local variable or method `login_user_path' for an instance of #<Class:0x00007ff06403faa0>):
    46:       </form>
    47:       <ul>
    48:         <li class="nav-item">
    49:           <%= link_to image_tag("https://www.flaticon.com/free-icons/user", :alt => "Log in"), login_user_path, class: 'nav-link' %>
    50:         </li>
    51:       </ul>
    52:     </div>
  
app/views/layouts/application.html.erb:49
Started GET "/" for 127.0.0.1 at 2024-02-19 09:57:01 +0100
Processing by WelcomeController#index as HTML
  Rendering layout layouts/application.html.erb
  Rendering welcome/index.html.erb within layouts/application
  Rendered welcome/index.html.erb within layouts/application (Duration: 1.1ms | Allocations: 95)
  Rendered layout layouts/application.html.erb (Duration: 46.3ms | Allocations: 15872)
Completed 200 OK in 133ms (Views: 130.3ms | ActiveRecord: 0.0ms | Allocations: 16798)


Started GET "/users" for 127.0.0.1 at 2024-02-19 09:57:07 +0100
Processing by UsersController#index as HTML
  Rendering layout layouts/application.html.erb
  Rendering users/index.html.erb within layouts/application
  [1m[36mUser Load (5.6ms)[0m  [1m[34mSELECT "users".* FROM "users"[0m
  ↳ app/views/users/index.html.erb:6
  Rendered users/index.html.erb within layouts/application (Duration: 11.3ms | Allocations: 1191)
  Rendered layout layouts/application.html.erb (Duration: 17.8ms | Allocations: 2423)
Completed 200 OK in 51ms (Views: 12.3ms | ActiveRecord: 9.8ms | Allocations: 3718)


Started GET "/users" for 127.0.0.1 at 2024-02-19 09:57:13 +0100
Processing by UsersController#index as HTML
  Rendering layout layouts/application.html.erb
  Rendering users/index.html.erb within layouts/application
  [1m[36mUser Load (0.2ms)[0m  [1m[34mSELECT "users".* FROM "users"[0m
  ↳ app/views/users/index.html.erb:6
  Rendered users/index.html.erb within layouts/application (Duration: 3.6ms | Allocations: 612)
  Rendered layout layouts/application.html.erb (Duration: 9.8ms | Allocations: 1830)
Completed 200 OK in 13ms (Views: 11.4ms | ActiveRecord: 0.2ms | Allocations: 2092)


Started GET "/users" for 127.0.0.1 at 2024-02-19 10:00:15 +0100
Processing by UsersController#index as HTML
  Rendering layout layouts/application.html.erb
  Rendering users/index.html.erb within layouts/application
  [1m[36mUser Load (0.3ms)[0m  [1m[34mSELECT "users".* FROM "users"[0m
  ↳ app/views/users/index.html.erb:6
  Rendered users/index.html.erb within layouts/application (Duration: 16.6ms | Allocations: 1252)
  Rendered layout layouts/application.html.erb (Duration: 107.7ms | Allocations: 16891)
Completed 200 OK in 183ms (Views: 158.2ms | ActiveRecord: 11.4ms | Allocations: 18636)


Started GET "/login_icon.png" for 127.0.0.1 at 2024-02-19 10:00:15 +0100
  
ActionController::RoutingError (No route matches [GET] "/login_icon.png"):
  
Started GET "/users" for 127.0.0.1 at 2024-02-19 10:00:26 +0100
Processing by UsersController#index as HTML
  Rendering layout layouts/application.html.erb
  Rendering users/index.html.erb within layouts/application
  [1m[36mUser Load (0.2ms)[0m  [1m[34mSELECT "users".* FROM "users"[0m
  ↳ app/views/users/index.html.erb:6
  Rendered users/index.html.erb within layouts/application (Duration: 3.6ms | Allocations: 612)
  Rendered layout layouts/application.html.erb (Duration: 10.4ms | Allocations: 1845)
Completed 200 OK in 14ms (Views: 12.2ms | ActiveRecord: 0.2ms | Allocations: 2102)


Started GET "/login_icon.png" for 127.0.0.1 at 2024-02-19 10:00:26 +0100
  
ActionController::RoutingError (No route matches [GET] "/login_icon.png"):
  
Started GET "/users" for 127.0.0.1 at 2024-02-19 10:00:30 +0100
Processing by UsersController#index as */*
  Rendering layout layouts/application.html.erb
  Rendering users/index.html.erb within layouts/application
  [1m[36mUser Load (0.2ms)[0m  [1m[34mSELECT "users".* FROM "users"[0m
  ↳ app/views/users/index.html.erb:6
  Rendered users/index.html.erb within layouts/application (Duration: 2.4ms | Allocations: 485)
  Rendered layout layouts/application.html.erb (Duration: 6.3ms | Allocations: 1717)
Completed 200 OK in 18ms (Views: 7.7ms | ActiveRecord: 0.2ms | Allocations: 2015)


Started GET "/users" for 127.0.0.1 at 2024-02-19 10:00:39 +0100
Processing by UsersController#index as HTML
  Rendering layout layouts/application.html.erb
  Rendering users/index.html.erb within layouts/application
  [1m[36mUser Load (0.8ms)[0m  [1m[34mSELECT "users".* FROM "users"[0m
  ↳ app/views/users/index.html.erb:6
  Rendered users/index.html.erb within layouts/application (Duration: 16.5ms | Allocations: 1242)
  Rendered layout layouts/application.html.erb (Duration: 190.3ms | Allocations: 36413)
Completed 200 OK in 248ms (Views: 221.5ms | ActiveRecord: 21.1ms | Allocations: 38157)


Started GET "/users" for 127.0.0.1 at 2024-02-19 10:01:29 +0100
Processing by UsersController#index as HTML
  Rendering layout layouts/application.html.erb
  Rendering users/index.html.erb within layouts/application
  [1m[36mUser Load (0.3ms)[0m  [1m[34mSELECT "users".* FROM "users"[0m
  ↳ app/views/users/index.html.erb:6
  Rendered users/index.html.erb within layouts/application (Duration: 13.7ms | Allocations: 1234)
  Rendered layout layouts/application.html.erb (Duration: 58.1ms | Allocations: 17229)
Completed 200 OK in 132ms (Views: 110.8ms | ActiveRecord: 14.1ms | Allocations: 18974)


Started GET "/users" for 127.0.0.1 at 2024-02-19 10:02:34 +0100
Processing by UsersController#index as HTML
  Rendering layout layouts/application.html.erb
  Rendering users/index.html.erb within layouts/application
  [1m[36mUser Load (0.3ms)[0m  [1m[34mSELECT "users".* FROM "users"[0m
  ↳ app/views/users/index.html.erb:6
  Rendered users/index.html.erb within layouts/application (Duration: 10.3ms | Allocations: 1237)
  Rendered layout layouts/application.html.erb (Duration: 56.9ms | Allocations: 17266)
Completed 200 OK in 133ms (Views: 115.3ms | ActiveRecord: 9.3ms | Allocations: 19011)


Started GET "/users" for 127.0.0.1 at 2024-02-19 10:03:09 +0100
Processing by UsersController#index as HTML
  Rendering layout layouts/application.html.erb
  Rendering users/index.html.erb within layouts/application
  [1m[36mUser Load (0.2ms)[0m  [1m[34mSELECT "users".* FROM "users"[0m
  ↳ app/views/users/index.html.erb:6
  Rendered users/index.html.erb within layouts/application (Duration: 8.3ms | Allocations: 1226)
  Rendered layout layouts/application.html.erb (Duration: 37.1ms | Allocations: 17124)
Completed 200 OK in 87ms (Views: 73.8ms | ActiveRecord: 7.8ms | Allocations: 18868)


Started GET "/users" for 127.0.0.1 at 2024-02-19 10:03:34 +0100
Processing by UsersController#index as HTML
  Rendering layout layouts/application.html.erb
  Rendering users/index.html.erb within layouts/application
  [1m[36mUser Load (0.3ms)[0m  [1m[34mSELECT "users".* FROM "users"[0m
  ↳ app/views/users/index.html.erb:6
  Rendered users/index.html.erb within layouts/application (Duration: 18.1ms | Allocations: 1242)
  Rendered layout layouts/application.html.erb (Duration: 65.3ms | Allocations: 17230)
Completed 200 OK in 143ms (Views: 110.6ms | ActiveRecord: 23.8ms | Allocations: 18975)


Started GET "/users" for 127.0.0.1 at 2024-02-19 10:04:09 +0100
Processing by UsersController#index as HTML
  Rendering layout layouts/application.html.erb
  Rendering users/index.html.erb within layouts/application
  [1m[36mUser Load (0.3ms)[0m  [1m[34mSELECT "users".* FROM "users"[0m
  ↳ app/views/users/index.html.erb:6
  Rendered users/index.html.erb within layouts/application (Duration: 9.8ms | Allocations: 1226)
  Rendered layout layouts/application.html.erb (Duration: 49.5ms | Allocations: 17251)
Completed 200 OK in 115ms (Views: 100.9ms | ActiveRecord: 7.6ms | Allocations: 18992)


Started GET "/users" for 127.0.0.1 at 2024-02-19 10:04:14 +0100
Processing by UsersController#index as HTML
  Rendering layout layouts/application.html.erb
  Rendering users/index.html.erb within layouts/application
  [1m[36mUser Load (0.2ms)[0m  [1m[34mSELECT "users".* FROM "users"[0m
  ↳ app/views/users/index.html.erb:6
  Rendered users/index.html.erb within layouts/application (Duration: 3.7ms | Allocations: 603)
  Rendered layout layouts/application.html.erb (Duration: 12.6ms | Allocations: 2228)
Completed 200 OK in 18ms (Views: 16.7ms | ActiveRecord: 0.2ms | Allocations: 2484)


Started GET "/users" for 127.0.0.1 at 2024-02-19 10:05:37 +0100
Processing by UsersController#index as HTML
  Rendering layout layouts/application.html.erb
  Rendering users/index.html.erb within layouts/application
  [1m[36mUser Load (0.2ms)[0m  [1m[34mSELECT "users".* FROM "users"[0m
  ↳ app/views/users/index.html.erb:6
  Rendered users/index.html.erb within layouts/application (Duration: 4.0ms | Allocations: 615)
  Rendered layout layouts/application.html.erb (Duration: 69.7ms | Allocations: 3677)
Completed 200 OK in 74ms (Views: 72.5ms | ActiveRecord: 0.2ms | Allocations: 3933)


Started GET "/users" for 127.0.0.1 at 2024-02-19 10:06:04 +0100
Processing by UsersController#index as HTML
  Rendering layout layouts/application.html.erb
  Rendering users/index.html.erb within layouts/application
  [1m[36mUser Load (0.2ms)[0m  [1m[34mSELECT "users".* FROM "users"[0m
  ↳ app/views/users/index.html.erb:6
  Rendered users/index.html.erb within layouts/application (Duration: 2.9ms | Allocations: 591)
  Rendered layout layouts/application.html.erb (Duration: 43.7ms | Allocations: 3630)
Completed 200 OK in 47ms (Views: 46.0ms | ActiveRecord: 0.2ms | Allocations: 3889)


Started GET "/users" for 127.0.0.1 at 2024-02-19 10:06:12 +0100
Processing by UsersController#index as HTML
  Rendering layout layouts/application.html.erb
  Rendering users/index.html.erb within layouts/application
  [1m[36mUser Load (0.1ms)[0m  [1m[34mSELECT "users".* FROM "users"[0m
  ↳ app/views/users/index.html.erb:6
  Rendered users/index.html.erb within layouts/application (Duration: 2.5ms | Allocations: 618)
  Rendered layout layouts/application.html.erb (Duration: 50.7ms | Allocations: 3672)
Completed 200 OK in 53ms (Views: 51.8ms | ActiveRecord: 0.1ms | Allocations: 3928)


Started GET "/users" for 127.0.0.1 at 2024-02-19 10:14:00 +0100
Processing by UsersController#index as HTML
  Rendering layout layouts/application.html.erb
  Rendering users/index.html.erb within layouts/application
  [1m[36mUser Load (13.5ms)[0m  [1m[34mSELECT "users".* FROM "users"[0m
  ↳ app/views/users/index.html.erb:6
  Rendered users/index.html.erb within layouts/application (Duration: 18.6ms | Allocations: 1216)
  Rendered layout layouts/application.html.erb (Duration: 65.9ms | Allocations: 16836)
Completed 200 OK in 144ms (Views: 111.2ms | ActiveRecord: 25.8ms | Allocations: 18582)


Started GET "/users" for 127.0.0.1 at 2024-02-19 10:14:30 +0100
Processing by UsersController#index as HTML
  Rendering layout layouts/application.html.erb
  Rendering users/index.html.erb within layouts/application
  [1m[36mUser Load (0.3ms)[0m  [1m[34mSELECT "users".* FROM "users"[0m
  ↳ app/views/users/index.html.erb:6
  Rendered users/index.html.erb within layouts/application (Duration: 8.5ms | Allocations: 1235)
  Rendered layout layouts/application.html.erb (Duration: 38.7ms | Allocations: 16768)
Completed 200 OK in 96ms (Views: 84.7ms | ActiveRecord: 7.3ms | Allocations: 18508)


Started GET "/users" for 127.0.0.1 at 2024-02-19 10:14:33 +0100
Processing by UsersController#index as HTML
  Rendering layout layouts/application.html.erb
  Rendering users/index.html.erb within layouts/application
  [1m[36mUser Load (0.2ms)[0m  [1m[34mSELECT "users".* FROM "users"[0m
  ↳ app/views/users/index.html.erb:6
  Rendered users/index.html.erb within layouts/application (Duration: 3.0ms | Allocations: 597)
  Rendered layout layouts/application.html.erb (Duration: 9.2ms | Allocations: 1816)
Completed 200 OK in 12ms (Views: 10.8ms | ActiveRecord: 0.2ms | Allocations: 2075)


Started GET "/users" for 127.0.0.1 at 2024-02-19 10:14:36 +0100
Processing by UsersController#index as HTML
  Rendering layout layouts/application.html.erb
  Rendering users/index.html.erb within layouts/application
  [1m[36mUser Load (0.1ms)[0m  [1m[34mSELECT "users".* FROM "users"[0m
  ↳ app/views/users/index.html.erb:6
  Rendered users/index.html.erb within layouts/application (Duration: 3.4ms | Allocations: 591)
  Rendered layout layouts/application.html.erb (Duration: 7.3ms | Allocations: 1805)
Completed 200 OK in 14ms (Views: 8.3ms | ActiveRecord: 0.1ms | Allocations: 2063)


Started GET "/users/login" for 127.0.0.1 at 2024-02-19 10:14:40 +0100
Processing by UsersController#show as HTML
  Parameters: {"id"=>"login"}
  [1m[36mUser Load (0.2ms)[0m  [1m[34mSELECT "users".* FROM "users" WHERE "users"."id" = ? LIMIT ?[0m  [["id", nil], ["LIMIT", 1]]
  ↳ app/controllers/users_controller.rb:63:in `set_user'
Completed 404 Not Found in 51ms (ActiveRecord: 1.0ms | Allocations: 14422)


  
ActiveRecord::RecordNotFound (Couldn't find User with 'id'=login):
  
app/controllers/users_controller.rb:63:in `set_user'
Started GET "/users/login" for 127.0.0.1 at 2024-02-19 10:16:30 +0100
Processing by UsersController#show as HTML
  Parameters: {"id"=>"login"}
  [1m[36mUser Load (0.2ms)[0m  [1m[34mSELECT "users".* FROM "users" WHERE "users"."id" = ? LIMIT ?[0m  [["id", nil], ["LIMIT", 1]]
  ↳ app/controllers/users_controller.rb:67:in `set_user'
Completed 404 Not Found in 20ms (ActiveRecord: 8.3ms | Allocations: 3127)


  
ActiveRecord::RecordNotFound (Couldn't find User with 'id'=login):
  
app/controllers/users_controller.rb:67:in `set_user'
Started GET "/users/login" for 127.0.0.1 at 2024-02-19 10:19:36 +0100
Processing by UsersController#show as HTML
  Parameters: {"id"=>"login"}
  [1m[36mUser Load (0.3ms)[0m  [1m[34mSELECT "users".* FROM "users" WHERE "users"."id" = ? LIMIT ?[0m  [["id", nil], ["LIMIT", 1]]
  ↳ app/controllers/users_controller.rb:67:in `set_user'
Completed 404 Not Found in 14ms (ActiveRecord: 10.1ms | Allocations: 3123)


  
ActiveRecord::RecordNotFound (Couldn't find User with 'id'=login):
  
app/controllers/users_controller.rb:67:in `set_user'
Started GET "/users/" for 127.0.0.1 at 2024-02-19 10:19:46 +0100
Processing by UsersController#index as HTML
  Rendering layout layouts/application.html.erb
  Rendering users/index.html.erb within layouts/application
  [1m[36mUser Load (0.4ms)[0m  [1m[34mSELECT "users".* FROM "users"[0m
  ↳ app/views/users/index.html.erb:6
  Rendered users/index.html.erb within layouts/application (Duration: 4.0ms | Allocations: 902)
  Rendered layout layouts/application.html.erb (Duration: 33.9ms | Allocations: 16516)
Completed 200 OK in 42ms (Views: 38.9ms | ActiveRecord: 0.3ms | Allocations: 17408)


Started GET "/users/login" for 127.0.0.1 at 2024-02-19 10:19:49 +0100
Processing by UsersController#show as HTML
  Parameters: {"id"=>"login"}
  [1m[36mUser Load (0.1ms)[0m  [1m[34mSELECT "users".* FROM "users" WHERE "users"."id" = ? LIMIT ?[0m  [["id", nil], ["LIMIT", 1]]
  ↳ app/controllers/users_controller.rb:67:in `set_user'
Completed 404 Not Found in 3ms (ActiveRecord: 0.1ms | Allocations: 845)


  
ActiveRecord::RecordNotFound (Couldn't find User with 'id'=login):
  
app/controllers/users_controller.rb:67:in `set_user'
Started GET "/users/show" for 127.0.0.1 at 2024-02-19 10:22:33 +0100
Processing by UsersController#show as HTML
  Parameters: {"id"=>"show"}
  [1m[36mUser Load (0.2ms)[0m  [1m[34mSELECT "users".* FROM "users" WHERE "users"."id" = ? LIMIT ?[0m  [["id", nil], ["LIMIT", 1]]
  ↳ app/controllers/users_controller.rb:67:in `set_user'
Completed 404 Not Found in 4ms (ActiveRecord: 0.2ms | Allocations: 844)


  
ActiveRecord::RecordNotFound (Couldn't find User with 'id'=show):
  
app/controllers/users_controller.rb:67:in `set_user'
Started GET "/users/1" for 127.0.0.1 at 2024-02-19 10:23:20 +0100
Processing by UsersController#show as HTML
  Parameters: {"id"=>"1"}
  [1m[36mUser Load (0.1ms)[0m  [1m[34mSELECT "users".* FROM "users" WHERE "users"."id" = ? LIMIT ?[0m  [["id", 1], ["LIMIT", 1]]
  ↳ app/controllers/users_controller.rb:67:in `set_user'
Completed 404 Not Found in 3ms (ActiveRecord: 0.1ms | Allocations: 850)


  
ActiveRecord::RecordNotFound (Couldn't find User with 'id'=1):
  
app/controllers/users_controller.rb:67:in `set_user'
Started GET "/users/0" for 127.0.0.1 at 2024-02-19 10:23:27 +0100
Processing by UsersController#show as HTML
  Parameters: {"id"=>"0"}
  [1m[36mUser Load (0.1ms)[0m  [1m[34mSELECT "users".* FROM "users" WHERE "users"."id" = ? LIMIT ?[0m  [["id", 0], ["LIMIT", 1]]
  ↳ app/controllers/users_controller.rb:67:in `set_user'
Completed 404 Not Found in 4ms (ActiveRecord: 0.1ms | Allocations: 844)


  
ActiveRecord::RecordNotFound (Couldn't find User with 'id'=0):
  
app/controllers/users_controller.rb:67:in `set_user'
Started GET "/users/" for 127.0.0.1 at 2024-02-19 10:24:50 +0100
Processing by UsersController#index as HTML
  Rendering layout layouts/application.html.erb
  Rendering users/index.html.erb within layouts/application
  [1m[36mUser Load (0.3ms)[0m  [1m[34mSELECT "users".* FROM "users"[0m
  ↳ app/views/users/index.html.erb:6
  Rendered users/index.html.erb within layouts/application (Duration: 8.3ms | Allocations: 1225)
  Rendered layout layouts/application.html.erb (Duration: 37.5ms | Allocations: 16840)
Completed 200 OK in 47ms (Views: 35.5ms | ActiveRecord: 6.3ms | Allocations: 18591)


Started GET "/users" for 127.0.0.1 at 2024-02-19 10:24:51 +0100
Processing by UsersController#index as HTML
  Rendering layout layouts/application.html.erb
  Rendering users/index.html.erb within layouts/application
  [1m[36mUser Load (0.3ms)[0m  [1m[34mSELECT "users".* FROM "users"[0m
  ↳ app/views/users/index.html.erb:6
  Rendered users/index.html.erb within layouts/application (Duration: 5.1ms | Allocations: 582)
  Rendered layout layouts/application.html.erb (Duration: 11.6ms | Allocations: 1796)
Completed 200 OK in 15ms (Views: 13.2ms | ActiveRecord: 0.2ms | Allocations: 2054)


Started GET "/users" for 127.0.0.1 at 2024-02-19 10:27:46 +0100
Processing by UsersController#login as HTML
  Rendering layout layouts/application.html.erb
  Rendering users/login.html.erb within layouts/application
  Rendered users/login.html.erb within layouts/application (Duration: 0.7ms | Allocations: 95)
  Rendered layout layouts/application.html.erb (Duration: 31.9ms | Allocations: 16030)
Completed 200 OK in 44ms (Views: 35.2ms | ActiveRecord: 0.0ms | Allocations: 17028)


Started GET "/users" for 127.0.0.1 at 2024-02-19 10:28:05 +0100
Processing by UsersController#index as HTML
  Rendering layout layouts/application.html.erb
  Rendering users/index.html.erb within layouts/application
  [1m[36mUser Load (0.2ms)[0m  [1m[34mSELECT "users".* FROM "users"[0m
  ↳ app/views/users/index.html.erb:6
  Rendered users/index.html.erb within layouts/application (Duration: 7.1ms | Allocations: 1243)
  Rendered layout layouts/application.html.erb (Duration: 34.6ms | Allocations: 16861)
Completed 200 OK in 43ms (Views: 32.2ms | ActiveRecord: 6.4ms | Allocations: 18613)


Started GET "/users/login" for 127.0.0.1 at 2024-02-19 10:28:09 +0100
Processing by UsersController#login as HTML
  Rendering layout layouts/application.html.erb
  Rendering users/login.html.erb within layouts/application
  Rendered users/login.html.erb within layouts/application (Duration: 1.0ms | Allocations: 87)
  Rendered layout layouts/application.html.erb (Duration: 5.2ms | Allocations: 1499)
Completed 200 OK in 8ms (Views: 6.5ms | ActiveRecord: 0.0ms | Allocations: 1815)


Started GET "/users/login" for 127.0.0.1 at 2024-02-19 10:28:12 +0100
Processing by UsersController#login as HTML
  Rendering layout layouts/application.html.erb
  Rendering users/login.html.erb within layouts/application
  Rendered users/login.html.erb within layouts/application (Duration: 0.2ms | Allocations: 6)
  Rendered layout layouts/application.html.erb (Duration: 4.8ms | Allocations: 1413)
Completed 200 OK in 8ms (Views: 6.6ms | ActiveRecord: 0.0ms | Allocations: 1663)


Started GET "/lessons" for 127.0.0.1 at 2024-02-19 10:28:13 +0100
Processing by LessonsController#index as HTML
  Rendering layout layouts/application.html.erb
  Rendering lessons/index.html.erb within layouts/application
  [1m[36mLesson Load (0.2ms)[0m  [1m[34mSELECT "lessons".* FROM "lessons"[0m
  ↳ app/views/lessons/index.html.erb:6
  Rendered lessons/index.html.erb within layouts/application (Duration: 4.4ms | Allocations: 919)
  Rendered layout layouts/application.html.erb (Duration: 14.3ms | Allocations: 2147)
Completed 200 OK in 22ms (Views: 16.6ms | ActiveRecord: 0.2ms | Allocations: 3213)


Started GET "/lessons" for 127.0.0.1 at 2024-02-19 10:28:13 +0100
Processing by LessonsController#index as HTML
  Rendering layout layouts/application.html.erb
  Rendering lessons/index.html.erb within layouts/application
  [1m[36mLesson Load (0.2ms)[0m  [1m[34mSELECT "lessons".* FROM "lessons"[0m
  ↳ app/views/lessons/index.html.erb:6
  Rendered lessons/index.html.erb within layouts/application (Duration: 3.8ms | Allocations: 612)
  Rendered layout layouts/application.html.erb (Duration: 11.4ms | Allocations: 1831)
Completed 200 OK in 15ms (Views: 13.1ms | ActiveRecord: 0.2ms | Allocations: 2090)


Started GET "/users/login" for 127.0.0.1 at 2024-02-19 10:28:14 +0100
Processing by UsersController#login as HTML
  Rendering layout layouts/application.html.erb
  Rendering users/login.html.erb within layouts/application
  Rendered users/login.html.erb within layouts/application (Duration: 0.1ms | Allocations: 6)
  Rendered layout layouts/application.html.erb (Duration: 7.7ms | Allocations: 1399)
Completed 200 OK in 12ms (Views: 9.6ms | ActiveRecord: 0.0ms | Allocations: 1649)


